# JRE version: Java(TM) SE Runtime Environment (8.0_121-b13) (build 1.8.0_121-b13)
# Java VM: Java HotSpot(TM) 64-Bit Server VM (25.121-b13 mixed mode bsd-amd64 compressed oops)
Heap:
 garbage-first heap   total 262144K, used 201543K [0x0000000780000000, 0x0000000780100800, 0x00000007c0000000)
  region size 1024K, 118 young (120832K), 5 survivors (5120K)
 Metaspace       used 112733K, capacity 123562K, committed 123776K, reserved 1155072K
  class space    used 13799K, capacity 17160K, committed 17280K, reserved 1048576K
GC Heap History (10 events):
Event: 15348.385 GC heap before
{Heap before GC invocations=75 (full 0):
 garbage-first heap   total 262144K, used 229921K [0x0000000780000000, 0x0000000780100800, 0x00000007c0000000)
  region size 1024K, 145 young (148480K), 5 survivors (5120K)
 Metaspace       used 112214K, capacity 123130K, committed 123392K, reserved 1155072K
  class space    used 13781K, capacity 17152K, committed 17152K, reserved 1048576K
Event: 15348.407 GC heap after
Heap after GC invocations=76 (full 0):
 garbage-first heap   total 262144K, used 85319K [0x0000000780000000, 0x0000000780100800, 0x00000007c0000000)
  region size 1024K, 4 young (4096K), 4 survivors (4096K)
 Metaspace       used 112214K, capacity 123130K, committed 123392K, reserved 1155072K
  class space    used 13781K, capacity 17152K, committed 17152K, reserved 1048576K
}
Event: 15372.974 GC heap before
{Heap before GC invocations=76 (full 0):
 garbage-first heap   total 262144K, used 230727K [0x0000000780000000, 0x0000000780100800, 0x00000007c0000000)
  region size 1024K, 146 young (149504K), 4 survivors (4096K)
 Metaspace       used 112340K, capacity 123136K, committed 123520K, reserved 1155072K
  class space    used 13795K, capacity 17153K, committed 17280K, reserved 1048576K
Event: 15372.988 GC heap after
Heap after GC invocations=77 (full 0):
 garbage-first heap   total 262144K, used 85319K [0x0000000780000000, 0x0000000780100800, 0x00000007c0000000)
  region size 1024K, 4 young (4096K), 4 survivors (4096K)
 Metaspace       used 112340K, capacity 123136K, committed 123520K, reserved 1155072K
  class space    used 13795K, capacity 17153K, committed 17280K, reserved 1048576K
}
Event: 15405.412 GC heap before
{Heap before GC invocations=77 (full 0):
 garbage-first heap   total 262144K, used 230727K [0x0000000780000000, 0x0000000780100800, 0x00000007c0000000)
  region size 1024K, 146 young (149504K), 4 survivors (4096K)
 Metaspace       used 112478K, capacity 123328K, committed 123520K, reserved 1155072K
  class space    used 13795K, capacity 17153K, committed 17280K, reserved 1048576K
Event: 15405.428 GC heap after
Heap after GC invocations=78 (full 0):
 garbage-first heap   total 262144K, used 84295K [0x0000000780000000, 0x0000000780100800, 0x00000007c0000000)
  region size 1024K, 3 young (3072K), 3 survivors (3072K)
 Metaspace       used 112478K, capacity 123328K, committed 123520K, reserved 1155072K
  class space    used 13795K, capacity 17153K, committed 17280K, reserved 1048576K
}
Event: 15529.328 GC heap before
{Heap before GC invocations=78 (full 0):
 garbage-first heap   total 262144K, used 231751K [0x0000000780000000, 0x0000000780100800, 0x00000007c0000000)
  region size 1024K, 147 young (150528K), 3 survivors (3072K)
 Metaspace       used 112581K, capacity 123334K, committed 123520K, reserved 1155072K
  class space    used 13796K, capacity 17154K, committed 17280K, reserved 1048576K
Event: 15529.348 GC heap after
Heap after GC invocations=79 (full 0):
 garbage-first heap   total 262144K, used 86316K [0x0000000780000000, 0x0000000780100800, 0x00000007c0000000)
  region size 1024K, 5 young (5120K), 5 survivors (5120K)
 Metaspace       used 112581K, capacity 123334K, committed 123520K, reserved 1155072K
  class space    used 13796K, capacity 17154K, committed 17280K, reserved 1048576K
}
Event: 15552.853 GC heap before
{Heap before GC invocations=79 (full 0):
 garbage-first heap   total 262144K, used 229676K [0x0000000780000000, 0x0000000780100800, 0x00000007c0000000)
  region size 1024K, 145 young (148480K), 5 survivors (5120K)
 Metaspace       used 112683K, capacity 123498K, committed 123776K, reserved 1155072K
  class space    used 13799K, capacity 17160K, committed 17280K, reserved 1048576K
Event: 15552.870 GC heap after
Heap after GC invocations=80 (full 0):
 garbage-first heap   total 262144K, used 86855K [0x0000000780000000, 0x0000000780100800, 0x00000007c0000000)
  region size 1024K, 5 young (5120K), 5 survivors (5120K)
 Metaspace       used 112683K, capacity 123498K, committed 123776K, reserved 1155072K
  class space    used 13799K, capacity 17160K, committed 17280K, reserved 1048576K
}

